  cdf.cpp
C:\Users\marti\source\repos\xsvab-pvid-zadanie2\xsvab-pvid-zadanie2\src\cdf.cpp(34,35): warning C4244: 'argument': conversion from '_Tp' to '_Tp', possible loss of data
C:\Users\marti\source\repos\xsvab-pvid-zadanie2\xsvab-pvid-zadanie2\src\cdf.cpp(34,35): warning C4244:         with
C:\Users\marti\source\repos\xsvab-pvid-zadanie2\xsvab-pvid-zadanie2\src\cdf.cpp(34,35): warning C4244:         [
C:\Users\marti\source\repos\xsvab-pvid-zadanie2\xsvab-pvid-zadanie2\src\cdf.cpp(34,35): warning C4244:             _Tp=float
C:\Users\marti\source\repos\xsvab-pvid-zadanie2\xsvab-pvid-zadanie2\src\cdf.cpp(34,35): warning C4244:         ]
C:\Users\marti\source\repos\xsvab-pvid-zadanie2\xsvab-pvid-zadanie2\src\cdf.cpp(34,35): warning C4244:         and
C:\Users\marti\source\repos\xsvab-pvid-zadanie2\xsvab-pvid-zadanie2\src\cdf.cpp(34,35): warning C4244:         [
C:\Users\marti\source\repos\xsvab-pvid-zadanie2\xsvab-pvid-zadanie2\src\cdf.cpp(34,35): warning C4244:             _Tp=int
C:\Users\marti\source\repos\xsvab-pvid-zadanie2\xsvab-pvid-zadanie2\src\cdf.cpp(34,35): warning C4244:         ]
C:\Users\marti\source\repos\xsvab-pvid-zadanie2\xsvab-pvid-zadanie2\src\cdf.cpp(35,29): warning C4244: 'argument': conversion from '_Tp' to '_Tp', possible loss of data
C:\Users\marti\source\repos\xsvab-pvid-zadanie2\xsvab-pvid-zadanie2\src\cdf.cpp(35,29): warning C4244:         with
C:\Users\marti\source\repos\xsvab-pvid-zadanie2\xsvab-pvid-zadanie2\src\cdf.cpp(35,29): warning C4244:         [
C:\Users\marti\source\repos\xsvab-pvid-zadanie2\xsvab-pvid-zadanie2\src\cdf.cpp(35,29): warning C4244:             _Tp=float
C:\Users\marti\source\repos\xsvab-pvid-zadanie2\xsvab-pvid-zadanie2\src\cdf.cpp(35,29): warning C4244:         ]
C:\Users\marti\source\repos\xsvab-pvid-zadanie2\xsvab-pvid-zadanie2\src\cdf.cpp(35,29): warning C4244:         and
C:\Users\marti\source\repos\xsvab-pvid-zadanie2\xsvab-pvid-zadanie2\src\cdf.cpp(35,29): warning C4244:         [
C:\Users\marti\source\repos\xsvab-pvid-zadanie2\xsvab-pvid-zadanie2\src\cdf.cpp(35,29): warning C4244:             _Tp=int
C:\Users\marti\source\repos\xsvab-pvid-zadanie2\xsvab-pvid-zadanie2\src\cdf.cpp(35,29): warning C4244:         ]
C:\Users\marti\source\repos\xsvab-pvid-zadanie2\xsvab-pvid-zadanie2\src\cdf.cpp(91,19): warning C4267: 'initializing': conversion from 'size_t' to 'int', possible loss of data
  Generating code
  1 of 331 functions ( 0.3%) were compiled, the rest were copied from previous compilation.
    0 functions were new in current compilation
    7 functions had inline decision re-evaluated but remain unchanged
  Finished generating code
  xsvab-pvid-zadanie2.vcxproj -> C:\Users\marti\source\repos\xsvab-pvid-zadanie2\x64\Release\xsvab-pvid-zadanie2.exe
  'pwsh.exe' is not recognized as an internal or external command,
  operable program or batch file.
